{"total": {"lines":{"total":66,"covered":61,"skipped":0,"pct":92.42},"statements":{"total":66,"covered":61,"skipped":0,"pct":92.42},"functions":{"total":4,"covered":4,"skipped":0,"pct":100},"branches":{"total":28,"covered":26,"skipped":0,"pct":92.85},"branchesTrue":{"total":0,"covered":0,"skipped":0,"pct":"Unknown"}}
,"/Users/stephenho/Downloads/cs426-sweattogether/front-end/src/utils/ProfileUtils.ts": {"lines":{"total":66,"covered":61,"skipped":0,"pct":92.42},"functions":{"total":4,"covered":4,"skipped":0,"pct":100},"statements":{"total":66,"covered":61,"skipped":0,"pct":92.42},"branches":{"total":28,"covered":26,"skipped":0,"pct":92.85}}
}
